<?xml version="1.0" encoding="UTF-8"?>
<testsuite xmlns:xsi="http://www.w3.org/2001/XMLSchema-instance" xsi:noNamespaceSchemaLocation="https://maven.apache.org/surefire/maven-surefire-plugin/xsd/surefire-test-report.xsd" name="MainSuite" time="419.883" tests="8" errors="0" skipped="0" failures="0">
  <properties>
[...]
</properties>
  <testcase name="Login User" classname="LoginPageTest" time="34.63"/>
  <testcase name="addNewCouponTest()" classname="CouponCreateTest" time="40.264"/>
  <testcase name="addNewCouponSuccessMsgTest()" classname="CouponCreateTest" time="52.116"/>
  <testcase name="searchAndDeleteCouponTest()" classname="CouponOperationsTest" time="90.72"/>
  <testcase name="searchCouponResultTest()" classname="CouponOperationsTest" time="54.705"/>
  <testcase name="searchCouponPlaceholderTest()" classname="CouponOperationsTest" time="47.101"/>
  <testcase name="couponSearchResultRowVisibilityTest()" classname="CouponOperationsTest" time="61.227"/>
  <testcase name="userLogOutTest()" classname="LogOutTest" time="37.783"/>
</testsuite>